[INFO] 22:40:51:579 TP0/(7415:7415): Hola! Soy un log
[INFO] 22:52:41:711 TP0/(8131:8131): Hola! Soy un log
[INFO] 22:52:41:717 TP0/(8131:8131): Ào·Ào·n log
[
[INFO] 22:53:59:967 TP0/(8233:8233): Hola! Soy un log
[INFO] 22:53:59:972 TP0/(8233:8233): La clave es: (null)
[INFO] 22:56:48:058 TP0/(8305:8305): Hola! Soy un log
[INFO] 22:56:48:066 TP0/(8305:8305): La clave es: (null)
[INFO] 22:59:43:179 TP0/(8445:8445): Hola! Soy un log
[INFO] 22:59:43:187 TP0/(8445:8445): La clave es: (null)
[INFO] 23:00:43:188 TP0/(8521:8521): Hola! Soy un log
[INFO] 23:00:43:195 TP0/(8521:8521): La clave es: (null)
[INFO] 23:01:57:646 TP0/(8660:8660): Hola! Soy un log
[INFO] 23:01:57:653 TP0/(8660:8660): La clave es: chau
[INFO] 23:02:22:253 TP0/(8708:8708): Hola! Soy un log
[INFO] 23:02:22:261 TP0/(8708:8708): La clave es: la_mejor_clave_pa
[INFO] 23:14:38:657 TP0/(9354:9354): Hola! Soy un log
[INFO] 23:14:38:665 TP0/(9354:9354): La clave es: la_mejor_clave_pa
[INFO] 23:14:48:127 TP0/(9354:9354): Matias es el mejor
[INFO] 23:14:56:776 TP0/(9354:9354): El sullivan masomenos
[INFO] 23:14:59:200 TP0/(9354:9354): 
[INFO] 23:15:37:026 TP0/(9428:9428): Hola! Soy un log
[INFO] 23:15:37:031 TP0/(9428:9428): La clave es: la_mejor_clave_pa
[INFO] 23:15:41:545 TP0/(9428:9428): Hola 2
[INFO] 23:15:45:858 TP0/(9428:9428): Hola 45
[INFO] 23:15:47:032 TP0/(9428:9428): 
[INFO] 23:16:36:813 TP0/(9522:9522): Hola! Soy un log
[INFO] 23:16:36:816 TP0/(9522:9522): La clave es: la_mejor_clave_pa
[INFO] 23:16:43:185 TP0/(9522:9522): Ahora si mi rey
[INFO] 23:16:45:257 TP0/(9522:9522): el rey
[INFO] 23:16:46:265 TP0/(9522:9522): 
[INFO] 23:16:47:730 TP0/(9522:9522): 
[INFO] 23:16:48:873 TP0/(9522:9522): 
[INFO] 23:16:49:457 TP0/(9522:9522): 
[INFO] 23:16:50:073 TP0/(9522:9522): 
[INFO] 23:16:54:618 TP0/(9522:9522): bastaaa
[INFO] 23:18:14:852 TP0/(9668:9668): Hola! Soy un log
[INFO] 23:18:14:859 TP0/(9668:9668): La clave es: la_mejor_clave_pa
[INFO] 23:18:18:220 TP0/(9668:9668): basta por favor
[INFO] 23:18:20:266 TP0/(9668:9668): aber
[INFO] 23:18:21:154 TP0/(9668:9668): 
[INFO] 23:18:21:946 TP0/(9668:9668): 
[INFO] 23:18:22:402 TP0/(9668:9668): 
[INFO] 23:18:22:794 TP0/(9668:9668): 
[INFO] 23:18:22:946 TP0/(9668:9668): 
[INFO] 23:18:23:114 TP0/(9668:9668): 
[INFO] 23:18:23:194 TP0/(9668:9668): 
[INFO] 23:19:55:748 TP0/(9755:9755): Hola! Soy un log
[INFO] 23:19:55:755 TP0/(9755:9755): La clave es: la_mejor_clave_pa
[INFO] 23:19:56:459 TP0/(9755:9755): 
[INFO] 23:19:57:051 TP0/(9755:9755): 
[INFO] 23:19:57:243 TP0/(9755:9755): 
[INFO] 23:19:57:395 TP0/(9755:9755): 
[INFO] 23:19:57:531 TP0/(9755:9755): 
[INFO] 23:23:02:805 TP0/(9843:9843): Hola! Soy un log
[INFO] 23:23:02:807 TP0/(9843:9843): La clave es: la_mejor_clave_pa
[INFO] 23:23:04:054 TP0/(9843:9843): asd
[INFO] 23:23:04:765 TP0/(9843:9843): asd
[INFO] 23:23:06:893 TP0/(9843:9843): 
[INFO] 23:23:07:885 TP0/(9843:9843): 
[INFO] 23:23:08:439 TP0/(9843:9843): 
[INFO] 23:23:08:909 TP0/(9843:9843): 
[INFO] 23:23:09:366 TP0/(9843:9843): 
[INFO] 23:23:09:782 TP0/(9843:9843): 
[INFO] 23:23:10:189 TP0/(9843:9843): 
[INFO] 23:23:10:590 TP0/(9843:9843): 
[INFO] 23:23:10:974 TP0/(9843:9843): 
[INFO] 23:25:13:692 TP0/(10051:10051): Hola! Soy un log
[INFO] 23:25:13:693 TP0/(10051:10051): La clave es: la_mejor_clave_pa
[INFO] 23:25:15:359 TP0/(10051:10051): asd
[INFO] 23:25:16:511 TP0/(10051:10051): wrd
[INFO] 23:25:16:975 TP0/(10051:10051): 
[INFO] 23:25:17:672 TP0/(10051:10051): 
[INFO] 23:25:17:872 TP0/(10051:10051): 
[INFO] 23:25:18:040 TP0/(10051:10051): 
[INFO] 23:25:18:175 TP0/(10051:10051): 
[INFO] 23:25:18:319 TP0/(10051:10051): 
[INFO] 23:25:18:407 TP0/(10051:10051): 
[INFO] 23:27:00:794 TP0/(10160:10160): Hola! Soy un log
[INFO] 23:27:00:801 TP0/(10160:10160): La clave es: la_mejor_clave_pa
[INFO] 23:27:02:304 TP0/(10160:10160): asd
[INFO] 23:27:03:112 TP0/(10160:10160): wer
[INFO] 23:27:03:664 TP0/(10160:10160): 
[INFO] 23:27:24:930 TP0/(10218:10218): Hola! Soy un log
[INFO] 23:27:24:938 TP0/(10218:10218): La clave es: la_mejor_clave_pa
[INFO] 23:27:26:297 TP0/(10218:10218): asd
[INFO] 23:27:26:786 TP0/(10218:10218): wer
[INFO] 23:27:27:112 TP0/(10218:10218): 
[INFO] 23:27:44:675 TP0/(10280:10280): Hola! Soy un log
[INFO] 23:27:44:681 TP0/(10280:10280): La clave es: la_mejor_clave_pa
[INFO] 23:27:45:633 TP0/(10280:10280): asd
[INFO] 23:27:46:201 TP0/(10280:10280): wer
[INFO] 23:27:46:505 TP0/(10280:10280): 
[INFO] 23:29:38:044 TP0/(10367:10367): Hola! Soy un log
[INFO] 23:29:38:050 TP0/(10367:10367): La clave es: la_mejor_clave_pa
[INFO] 23:29:54:908 TP0/(10421:10421): Hola! Soy un log
[INFO] 23:29:54:915 TP0/(10421:10421): La clave es: la_mejor_clave_pa
[INFO] 23:30:35:157 TP0/(10504:10504): Hola! Soy un log
[INFO] 23:30:35:169 TP0/(10504:10504): La clave es: la_mejor_clave_pa
[INFO] 23:30:41:362 TP0/(10504:10504): asd
[INFO] 23:30:48:907 TP0/(10504:10504): 
[INFO] 23:30:49:619 TP0/(10504:10504): 
[INFO] 23:30:50:099 TP0/(10504:10504): 
[INFO] 23:30:50:315 TP0/(10504:10504): 
[INFO] 23:30:50:507 TP0/(10504:10504): 
[INFO] 23:30:50:707 TP0/(10504:10504): 
[INFO] 23:30:50:890 TP0/(10504:10504): 
[INFO] 23:30:51:090 TP0/(10504:10504): 
[INFO] 23:30:51:267 TP0/(10504:10504): 
[INFO] 23:30:51:467 TP0/(10504:10504): 
[INFO] 23:30:51:643 TP0/(10504:10504): 
[INFO] 23:30:51:859 TP0/(10504:10504): 
[INFO] 23:30:52:035 TP0/(10504:10504): 
[INFO] 23:30:52:243 TP0/(10504:10504): 
[INFO] 23:30:52:411 TP0/(10504:10504): 
[INFO] 23:30:52:619 TP0/(10504:10504): 
[INFO] 23:30:52:827 TP0/(10504:10504): 
[INFO] 23:30:54:059 TP0/(10504:10504): 
[INFO] 23:30:54:339 TP0/(10504:10504): 
[INFO] 23:30:54:531 TP0/(10504:10504): 
[INFO] 23:30:54:747 TP0/(10504:10504): 
[INFO] 23:30:54:963 TP0/(10504:10504): 
[INFO] 23:30:55:155 TP0/(10504:10504): 
[INFO] 23:31:42:823 TP0/(10604:10604): Hola! Soy un log
[INFO] 23:31:42:826 TP0/(10604:10604): La clave es: la_mejor_clave_pa
[INFO] 23:31:44:373 TP0/(10604:10604): a ber
[INFO] 23:31:46:091 TP0/(10604:10604): asdasd
[INFO] 23:31:47:740 TP0/(10604:10604): 
[INFO] 00:07:19:935 TP0/(12239:12239): Hola! Soy un log
[INFO] 00:07:19:943 TP0/(12239:12239): La clave es: la_mejor_clave_pa
[INFO] 00:07:26:230 TP0/(12239:12239): 
[INFO] 00:10:56:273 TP0/(12465:12465): Hola! Soy un log
[INFO] 00:10:56:280 TP0/(12465:12465): La clave es: la_mejor_clave_pa
[INFO] 00:10:58:272 TP0/(12465:12465): 
[INFO] 00:31:45:425 TP0/(13299:13299): Hola! Soy un log
[INFO] 00:31:45:429 TP0/(13299:13299): La clave es: la_mejor_clave_pa
[INFO] 00:31:53:607 TP0/(13299:13299): Hola soy un paquetovich
[INFO] 00:31:56:383 TP0/(13299:13299): epicardo
[INFO] 00:31:57:079 TP0/(13299:13299): 
[INFO] 00:33:57:049 TP0/(13502:13502): Hola! Soy un log
[INFO] 00:33:57:051 TP0/(13502:13502): La clave es: la_mejor_clave_pa
[INFO] 00:34:33:387 TP0/(13536:13536): Hola! Soy un log
[INFO] 00:34:33:393 TP0/(13536:13536): La clave es: la_mejor_clave_pa
[INFO] 00:37:43:076 TP0/(13684:13684): Hola! Soy un log
[INFO] 00:37:43:084 TP0/(13684:13684): La clave es: la_mejor_clave_pa
[INFO] 00:41:13:111 TP0/(13791:13791): Hola! Soy un log
[INFO] 00:41:13:117 TP0/(13791:13791): La clave es: la_mejor_clave_pa
[INFO] 00:44:34:369 TP0/(13979:13979): Hola! Soy un log
[INFO] 00:44:34:377 TP0/(13979:13979): La clave es: la_mejor_clave_pa
[INFO] 00:46:36:730 TP0/(14127:14127): Hola! Soy un log
[INFO] 00:46:36:738 TP0/(14127:14127): La clave es: la_mejor_clave_pa
[INFO] 00:50:58:021 TP0/(14322:14322): Hola! Soy un log
[INFO] 00:50:58:028 TP0/(14322:14322): La clave es: la_mejor_clave_pa
[INFO] 00:51:32:278 TP0/(14352:14352): Hola! Soy un log
[INFO] 00:51:32:285 TP0/(14352:14352): La clave es: la_mejor_clave_pa
[INFO] 18:05:46:706 TP0/(9234:9234): Hola! Soy un log
[INFO] 18:05:46:706 TP0/(9234:9234): La clave es: la_mejor_clave_pa
[INFO] 18:49:59:591 TP0/(11123:11123): Hola! Soy un log
[INFO] 18:49:59:591 TP0/(11123:11123): La clave es: la_mejor_clave_pa
[INFO] 18:50:47:375 TP0/(11186:11186): Hola! Soy un log
[INFO] 18:50:47:378 TP0/(11186:11186): La clave es: la_mejor_clave_pa
[INFO] 18:53:15:615 TP0/(11324:11324): Hola! Soy un log
[INFO] 18:53:15:615 TP0/(11324:11324): La clave es: la_mejor_clave_pa
[INFO] 19:03:04:563 TP0/(11960:11960): Hola! Soy un log
[INFO] 19:03:04:563 TP0/(11960:11960): La clave es: la_mejor_clave_pa
[INFO] 19:15:03:28 TP0/(12646:12646): Hola! Soy un log
[INFO] 19:15:03:28 TP0/(12646:12646): La clave es: la_mejor_clave_pa
[INFO] 15:04:49:431 TP0/(4652:4652): Hola! Soy un log
[INFO] 15:04:49:432 TP0/(4652:4652): La clave es: la_mejor_clave_pa
[INFO] 15:05:18:898 TP0/(4762:4762): Hola! Soy un log
[INFO] 15:05:18:898 TP0/(4762:4762): La clave es: la_mejor_clave_pa
